<?xml version="1.0" encoding="UTF-8"?>
<testng-results total="4" passed="4" failed="0" skipped="0">
  <reporter-output>
  </reporter-output>
  <suite started-at="2022-03-16T05:06:22Z" name="Default suite" finished-at="2022-03-16T05:06:40Z" duration-ms="17667">
    <groups>
    </groups>
    <test started-at="2022-03-16T05:06:22Z" name="Default test" finished-at="2022-03-16T05:06:40Z" duration-ms="17667">
      <class name="RestTesting.Ecommerce">
        <test-method signature="signup()[pri:0, instance:RestTesting.Ecommerce@53251a66]" started-at="2022-03-16T10:36:22Z" name="signup" finished-at="2022-03-16T10:36:31Z" duration-ms="8912" status="PASS">
          <reporter-output>
          </reporter-output>
        </test-method> <!-- signup -->
        <test-method signature="Login()[pri:1, instance:RestTesting.Ecommerce@53251a66]" started-at="2022-03-16T10:36:31Z" name="Login" finished-at="2022-03-16T10:36:35Z" duration-ms="3980" status="PASS">
          <reporter-output>
          </reporter-output>
        </test-method> <!-- Login -->
        <test-method signature="getallusers()[pri:2, instance:RestTesting.Ecommerce@53251a66]" started-at="2022-03-16T10:36:35Z" name="getallusers" finished-at="2022-03-16T10:36:38Z" duration-ms="3000" status="PASS">
          <reporter-output>
          </reporter-output>
        </test-method> <!-- getallusers -->
        <test-method signature="delete()[pri:3, instance:RestTesting.Ecommerce@53251a66]" started-at="2022-03-16T10:36:38Z" name="delete" finished-at="2022-03-16T10:36:40Z" duration-ms="1744" status="PASS">
          <reporter-output>
          </reporter-output>
        </test-method> <!-- delete -->
      </class> <!-- RestTesting.Ecommerce -->
    </test> <!-- Default test -->
  </suite> <!-- Default suite -->
</testng-results>
