<?xml version="1.0" encoding="UTF-8"?>
<!-- Generated by org.testng.reporters.JUnitXMLReporter -->
<testsuite hostname="DESKTOP-I0P8L0L" failures="0" tests="4" name="Default test" time="17.667" errors="0" timestamp="16 Mar 2022 05:06:40 GMT">
  <testcase classname="RestTesting.Ecommerce" name="signup" time="8.912"/>
  <testcase classname="RestTesting.Ecommerce" name="Login" time="3.98"/>
  <testcase classname="RestTesting.Ecommerce" name="getallusers" time="3.0"/>
  <testcase classname="RestTesting.Ecommerce" name="delete" time="1.744"/>
</testsuite> <!-- Default test -->
