<?xml version="1.0" encoding="UTF-8"?>
<!-- Generated by org.testng.reporters.JUnitXMLReporter -->
<testsuite hostname="DESKTOP-I0P8L0L" failures="0" tests="3" name="Default test" time="11.292" errors="0" timestamp="16 Mar 2022 10:06:38 GMT">
  <testcase classname="RestTesting.Ecommerce" name="Login" time="6.638"/>
  <testcase classname="RestTesting.Ecommerce" name="getallusers" time="2.827"/>
  <testcase classname="RestTesting.Ecommerce" name="delete" time="1.809"/>
</testsuite> <!-- Default test -->
